<?xml version="1.0" encoding="UTF-8"?>
<testsuite xmlns:xsi="http://www.w3.org/2001/XMLSchema-instance" xsi:noNamespaceSchemaLocation="https://maven.apache.org/surefire/maven-surefire-plugin/xsd/surefire-test-report-3.0.xsd" version="3.0" name="com.fincore.service.LoanServiceTest" time="0.008" tests="6" errors="0" skipped="0" failures="0">
  <properties>
[...]
</properties>
  <testcase name="testApplyForLoan_Success_LowRate" classname="com.fincore.service.LoanServiceTest" time="0.002">
    <system-out><![CDATA[Loan Approved! EMI will be: 4372.57
]]></system-out>
  </testcase>
  <testcase name="testApplyForLoan_Success_MidRate" classname="com.fincore.service.LoanServiceTest" time="0.001">
    <system-out><![CDATA[Loan Approved! EMI will be: 4337.87
]]></system-out>
  </testcase>
  <testcase name="testApplyForLoan_Success_PrimeRate" classname="com.fincore.service.LoanServiceTest" time="0.002">
    <system-out><![CDATA[Loan Approved! EMI will be: 4314.82
]]></system-out>
  </testcase>
  <testcase name="testApplyForLoan_ExactBoundary_MaxIncome" classname="com.fincore.service.LoanServiceTest" time="0.001">
    <system-out><![CDATA[Loan Approved! EMI will be: 8629.64
]]></system-out>
  </testcase>
  <testcase name="testApplyForLoan_Rejected_HighAmount" classname="com.fincore.service.LoanServiceTest" time="0.001"/>
  <testcase name="testApplyForLoan_Rejected_LowScore" classname="com.fincore.service.LoanServiceTest" time="0.001"/>
</testsuite>